TN:
SF:src/app.ts
FN:14,(anonymous_1)
FN:19,(anonymous_2)
FN:23,(anonymous_3)
FN:27,(anonymous_4)
FN:30,(anonymous_5)
FNF:5
FNH:3
FNDA:8,(anonymous_1)
FNDA:8,(anonymous_2)
FNDA:0,(anonymous_3)
FNDA:0,(anonymous_4)
FNDA:8,(anonymous_5)
DA:1,1
DA:2,1
DA:3,1
DA:4,1
DA:5,1
DA:6,1
DA:7,1
DA:8,1
DA:11,1
DA:15,8
DA:16,8
DA:20,8
DA:24,0
DA:27,0
DA:31,8
DA:36,8
DA:37,8
DA:38,8
DA:39,8
DA:40,8
DA:41,8
LF:21
LH:19
BRDA:16,0,0,0
BRDA:16,0,1,8
BRF:2
BRH:1
end_of_record
TN:
SF:src/server.ts
FNF:0
FNH:0
DA:1,0
DA:3,0
DA:5,0
DA:6,0
LF:4
LH:0
BRF:0
BRH:0
end_of_record
TN:
SF:src/database/repository.ts
FN:6,(anonymous_0)
FN:18,(anonymous_1)
FN:28,(anonymous_2)
FN:34,(anonymous_3)
FN:47,(anonymous_4)
FN:63,(anonymous_5)
FN:72,(anonymous_6)
FN:89,(anonymous_7)
FNF:8
FNH:0
FNDA:0,(anonymous_0)
FNDA:0,(anonymous_1)
FNDA:0,(anonymous_2)
FNDA:0,(anonymous_3)
FNDA:0,(anonymous_4)
FNDA:0,(anonymous_5)
FNDA:0,(anonymous_6)
FNDA:0,(anonymous_7)
DA:3,1
DA:5,1
DA:7,0
DA:15,0
DA:19,0
DA:23,0
DA:25,0
DA:29,0
DA:34,0
DA:49,0
DA:60,0
DA:64,0
DA:74,0
DA:85,0
DA:90,0
LF:15
LH:2
BRDA:23,0,0,0
BRDA:23,0,1,0
BRF:2
BRH:0
end_of_record
TN:
SF:src/middlewares/middleware.ts
FN:11,authenticate
FNF:1
FNH:0
FNDA:0,authenticate
DA:1,1
DA:5,1
DA:11,1
DA:12,0
DA:13,0
DA:16,0
DA:18,0
DA:19,0
DA:22,0
DA:23,0
DA:25,0
DA:27,0
DA:29,0
DA:30,0
LF:14
LH:3
BRDA:12,0,0,0
BRDA:12,0,1,0
BRDA:18,1,0,0
BRDA:18,1,1,0
BRF:4
BRH:0
end_of_record
TN:
SF:src/prisma/prisma.config.ts
FN:7,connect
FNF:1
FNH:0
FNDA:0,connect
DA:1,0
DA:4,0
DA:8,0
DA:9,0
DA:10,0
DA:12,0
DA:14,0
DA:18,0
LF:8
LH:0
BRF:0
BRH:0
end_of_record
TN:
SF:src/routers/route.activities.ts
FN:6,ActivitiesUser
FN:8,(anonymous_1)
FNF:2
FNH:0
FNDA:0,ActivitiesUser
FNDA:0,(anonymous_1)
DA:2,1
DA:3,1
DA:6,1
DA:8,0
DA:10,0
DA:12,0
DA:13,0
DA:14,0
DA:16,0
DA:19,0
DA:20,0
LF:11
LH:3
BRF:0
BRH:0
end_of_record
TN:
SF:src/routers/route.create.activities.ts
FN:7,CreateActivities
FN:9,(anonymous_1)
FNF:2
FNH:0
FNDA:0,CreateActivities
FNDA:0,(anonymous_1)
DA:2,1
DA:3,1
DA:7,1
DA:9,0
DA:11,0
DA:12,0
DA:14,0
DA:15,0
DA:16,0
DA:18,0
DA:21,0
DA:22,0
LF:12
LH:3
BRF:0
BRH:0
end_of_record
TN:
SF:src/routers/route.delete.activities.ts
FN:10,DeleteActivities
FN:12,(anonymous_1)
FNF:2
FNH:0
FNDA:0,DeleteActivities
FNDA:0,(anonymous_1)
DA:2,1
DA:3,1
DA:10,1
DA:12,0
DA:14,0
DA:15,0
DA:17,0
DA:18,0
DA:19,0
DA:21,0
DA:24,0
DA:25,0
LF:12
LH:3
BRF:0
BRH:0
end_of_record
TN:
SF:src/routers/route.edit.activities.ts
FN:11,EditActivities
FN:13,(anonymous_1)
FNF:2
FNH:0
FNDA:0,EditActivities
FNDA:0,(anonymous_1)
DA:2,1
DA:3,1
DA:11,1
DA:13,0
DA:15,0
DA:16,0
DA:17,0
DA:19,0
DA:20,0
DA:21,0
DA:23,0
DA:26,0
DA:27,0
LF:13
LH:3
BRF:0
BRH:0
end_of_record
TN:
SF:src/routers/route.login.ts
FN:6,UserLogin
FN:8,(anonymous_1)
FNF:2
FNH:0
FNDA:0,UserLogin
FNDA:0,(anonymous_1)
DA:2,1
DA:6,1
DA:8,0
DA:10,0
DA:12,0
DA:13,0
DA:14,0
DA:16,0
DA:19,0
DA:20,0
LF:10
LH:2
BRF:0
BRH:0
end_of_record
TN:
SF:src/routers/route.signup.ts
FN:6,CreteUser
FN:8,(anonymous_1)
FNF:2
FNH:0
FNDA:0,CreteUser
FNDA:0,(anonymous_1)
DA:2,1
DA:6,1
DA:8,0
DA:10,0
DA:12,0
DA:13,0
DA:14,0
DA:16,0
DA:19,0
DA:20,0
LF:10
LH:2
BRF:0
BRH:0
end_of_record
TN:
SF:src/usercases/usecases.ts
FN:16,(anonymous_1)
FN:21,(anonymous_2)
FN:65,(anonymous_3)
FN:102,(anonymous_4)
FN:115,(anonymous_5)
FN:146,(anonymous_6)
FN:171,(anonymous_7)
FNF:7
FNH:0
FNDA:0,(anonymous_1)
FNDA:0,(anonymous_2)
FNDA:0,(anonymous_3)
FNDA:0,(anonymous_4)
FNDA:0,(anonymous_5)
FNDA:0,(anonymous_6)
FNDA:0,(anonymous_7)
DA:1,1
DA:3,1
DA:4,1
DA:5,1
DA:9,1
DA:12,1
DA:17,0
DA:23,0
DA:29,0
DA:31,0
DA:32,0
DA:35,0
DA:37,0
DA:38,0
DA:41,0
DA:43,0
DA:48,0
DA:49,0
DA:51,0
DA:57,0
DA:59,0
DA:67,0
DA:72,0
DA:74,0
DA:76,0
DA:78,0
DA:79,0
DA:82,0
DA:84,0
DA:85,0
DA:88,0
DA:89,0
DA:91,0
DA:98,0
DA:103,0
DA:104,0
DA:106,0
DA:107,0
DA:110,0
DA:112,0
DA:117,0
DA:125,0
DA:127,0
DA:128,0
DA:130,0
DA:131,0
DA:134,0
DA:135,0
DA:138,0
DA:143,0
DA:147,0
DA:152,0
DA:154,0
DA:157,0
DA:159,0
DA:160,0
DA:164,0
DA:167,0
DA:172,0
DA:177,0
DA:178,0
DA:180,0
DA:182,0
DA:183,0
DA:186,0
DA:188,0
LF:66
LH:6
BRDA:31,0,0,0
BRDA:31,0,1,0
BRDA:37,1,0,0
BRDA:37,1,1,0
BRDA:48,2,0,0
BRDA:48,2,1,0
BRDA:74,3,0,0
BRDA:74,3,1,0
BRDA:78,4,0,0
BRDA:78,4,1,0
BRDA:84,5,0,0
BRDA:84,5,1,0
BRDA:88,6,0,0
BRDA:88,6,1,0
BRDA:106,7,0,0
BRDA:106,7,1,0
BRDA:130,8,0,0
BRDA:130,8,1,0
BRDA:134,9,0,0
BRDA:134,9,1,0
BRDA:154,10,0,0
BRDA:154,10,1,0
BRDA:159,11,0,0
BRDA:159,11,1,0
BRDA:159,12,0,0
BRDA:159,12,1,0
BRDA:178,13,0,0
BRDA:178,13,1,0
BRDA:182,14,0,0
BRDA:182,14,1,0
BRDA:182,15,0,0
BRDA:182,15,1,0
BRF:32
BRH:0
end_of_record
